2024-04-04T00:50:16.638+05:30  WARN 19176 --- [HikariPool-1 housekeeper] com.zaxxer.hikari.pool.HikariPool        : HikariPool-1 - Thread starvation or clock leap detected (housekeeper delta=13m49s174ms904µs400ns).
2024-04-04T10:52:51.453+05:30  WARN 19176 --- [HikariPool-1 housekeeper] com.zaxxer.hikari.pool.HikariPool        : HikariPool-1 - Thread starvation or clock leap detected (housekeeper delta=9h44m34s113ms803µs600ns).
2024-04-04T11:17:27.445+05:30  INFO 28112 --- [main] c.e.T.TeleRadiologyApplication           : Starting TeleRadiologyApplication using Java 17.0.5 with PID 28112 (D:\VS_Code\VS_Code_general_Workspace\IIITB\HAD\Backend\TeleRadiology\target\classes started by Sumith Hegde in D:\VS_Code\VS_Code_general_Workspace\IIITB\HAD\Backend)
2024-04-04T11:17:27.458+05:30  INFO 28112 --- [main] c.e.T.TeleRadiologyApplication           : No active profile set, falling back to 1 default profile: "default"
2024-04-04T11:17:30.778+05:30  INFO 28112 --- [main] .s.d.r.c.RepositoryConfigurationDelegate : Bootstrapping Spring Data JPA repositories in DEFAULT mode.
2024-04-04T11:17:31.144+05:30  INFO 28112 --- [main] .s.d.r.c.RepositoryConfigurationDelegate : Finished Spring Data repository scanning in 307 ms. Found 13 JPA repository interfaces.
2024-04-04T11:17:33.366+05:30  INFO 28112 --- [main] o.s.b.w.embedded.tomcat.TomcatWebServer  : Tomcat initialized with port 8081 (http)
2024-04-04T11:17:33.398+05:30  INFO 28112 --- [main] o.apache.catalina.core.StandardService   : Starting service [Tomcat]
2024-04-04T11:17:33.401+05:30  INFO 28112 --- [main] o.apache.catalina.core.StandardEngine    : Starting Servlet engine: [Apache Tomcat/10.1.19]
2024-04-04T11:17:33.633+05:30  INFO 28112 --- [main] o.a.c.c.C.[Tomcat].[localhost].[/]       : Initializing Spring embedded WebApplicationContext
2024-04-04T11:17:33.636+05:30  INFO 28112 --- [main] w.s.c.ServletWebServerApplicationContext : Root WebApplicationContext: initialization completed in 6020 ms
2024-04-04T11:17:34.192+05:30  INFO 28112 --- [main] o.hibernate.jpa.internal.util.LogHelper  : HHH000204: Processing PersistenceUnitInfo [name: default]
2024-04-04T11:17:34.394+05:30  INFO 28112 --- [main] org.hibernate.Version                    : HHH000412: Hibernate ORM core version 6.4.4.Final
2024-04-04T11:17:34.547+05:30  INFO 28112 --- [main] o.h.c.internal.RegionFactoryInitiator    : HHH000026: Second-level cache disabled
2024-04-04T11:17:35.172+05:30  INFO 28112 --- [main] o.s.o.j.p.SpringPersistenceUnitInfo      : No LoadTimeWeaver setup: ignoring JPA class transformer
2024-04-04T11:17:35.246+05:30  INFO 28112 --- [main] com.zaxxer.hikari.HikariDataSource       : HikariPool-1 - Starting...
2024-04-04T11:17:36.286+05:30  INFO 28112 --- [main] com.zaxxer.hikari.pool.HikariPool        : HikariPool-1 - Added connection com.mysql.cj.jdbc.ConnectionImpl@46e388ec
2024-04-04T11:17:36.293+05:30  INFO 28112 --- [main] com.zaxxer.hikari.HikariDataSource       : HikariPool-1 - Start completed.
2024-04-04T11:17:39.260+05:30  INFO 28112 --- [main] o.h.e.t.j.p.i.JtaPlatformInitiator       : HHH000489: No JTA platform available (set 'hibernate.transaction.jta.platform' to enable JTA platform integration)
2024-04-04T11:17:39.270+05:30  INFO 28112 --- [main] j.LocalContainerEntityManagerFactoryBean : Initialized JPA EntityManagerFactory for persistence unit 'default'
2024-04-04T11:17:41.318+05:30  WARN 28112 --- [main] JpaBaseConfiguration$JpaWebConfiguration : spring.jpa.open-in-view is enabled by default. Therefore, database queries may be performed during view rendering. Explicitly configure spring.jpa.open-in-view to disable this warning
2024-04-04T11:17:42.200+05:30  INFO 28112 --- [main] o.s.s.web.DefaultSecurityFilterChain     : Will secure any request with [org.springframework.security.web.session.DisableEncodeUrlFilter@2fda92e0, org.springframework.security.web.context.request.async.WebAsyncManagerIntegrationFilter@535adf36, org.springframework.security.web.context.SecurityContextHolderFilter@5e445ffe, org.springframework.security.web.header.HeaderWriterFilter@38224635, org.springframework.security.web.authentication.logout.LogoutFilter@18baee88, com.example.TeleRadiology.jwt.JwtFilter@1d06f16f, org.springframework.security.web.authentication.www.BasicAuthenticationFilter@1b9cfc19, org.springframework.security.web.savedrequest.RequestCacheAwareFilter@2a9fd482, org.springframework.security.web.servletapi.SecurityContextHolderAwareRequestFilter@7ca2319f, org.springframework.security.web.authentication.AnonymousAuthenticationFilter@4ea4290f, org.springframework.security.web.access.ExceptionTranslationFilter@78ca8258, org.springframework.security.web.access.intercept.AuthorizationFilter@685e5967]
2024-04-04T11:17:42.851+05:30  INFO 28112 --- [main] o.s.b.w.embedded.tomcat.TomcatWebServer  : Tomcat started on port 8081 (http) with context path ''
2024-04-04T11:17:42.887+05:30  INFO 28112 --- [main] c.e.T.TeleRadiologyApplication           : Started TeleRadiologyApplication in 16.715 seconds (process running for 17.985)
